<?xml version="1.0" encoding="UTF-8"?>
<!-- Generated by org.testng.reporters.JUnitXMLReporter -->
<testsuite hostname="DESKTOP-3NQPI56" name="Submit registrstion details and verify email view" tests="2" failures="0" timestamp="6 May 2020 15:01:58 GMT" time="24.094" errors="0">
  <testcase name="StepTC001_submitRegistrationDetails" time="15.182" classname="com.sangam.tests.TC002_SubmitInformationAndVerifyEmailView"/>
  <testcase name="StepTC002_verifyUserIsOnEmailAccountView" time="2.233" classname="com.sangam.tests.TC002_SubmitInformationAndVerifyEmailView"/>
</testsuite> <!-- Submit registrstion details and verify email view -->
