<?xml version="1.0" encoding="UTF-8"?>
<!-- Generated by org.testng.reporters.JUnitXMLReporter -->
<testsuite hostname="DESKTOP-3NQPI56" name="Default test" tests="2" failures="0" timestamp="6 May 2020 14:58:29 GMT" time="25.931" errors="0">
  <testcase name="StepTC001_submitRegistrationDetails" time="14.916" classname="com.sangam.tests.TC002_SubmitInformationAndVerifyEmailView"/>
  <testcase name="StepTC002_verifyUserIsOnEmailAccountView" time="2.493" classname="com.sangam.tests.TC002_SubmitInformationAndVerifyEmailView"/>
</testsuite> <!-- Default test -->
